=== Trial 1 ===
Timestamp: 2026-03-19T15:22:06-06:00
Workers:
  small:  20MB (PID 93718,  oom_score_adj=+1000 TARGETED)
  medium: 50MB (PID 93719, oom_score_adj=0     default)
  large:  80MB (PID 93720,  oom_score_adj=-1000 PROTECTED)
Trigger: 100MB (PID 93770)
Killed: small(93718) trigger(93770) 
Expected: small (because oom_score_adj=+1000)

Kernel OOM log:
[44195.046090] mem_worker invoked oom-killer: gfp_mask=0xcc0(GFP_KERNEL), order=0, oom_score_adj=0
[44195.046134]  oom_kill_process+0x118/0x280
[44195.046328] Memory cgroup stats for /oom_experiment_adj:
[44195.046425] [  pid  ]   uid  tgid total_vm      rss rss_anon rss_file rss_shmem pgtables_bytes swapents oom_score_adj name
[44195.046445] oom-kill:constraint=CONSTRAINT_MEMCG,nodemask=(null),cpuset=/,mems_allowed=0,oom_memcg=/oom_experiment_adj,task_memcg=/oom_experiment_adj,task=mem_worker,pid=93718,uid=0
[44195.046461] Memory cgroup out of memory: Killed process 93718 (mem_worker) total-vm:23160kB, anon-rss:20480kB, file-rss:1536kB, shmem-rss:0kB, UID:0 pgtables:84kB oom_score_adj:1000
[44195.048531] mem_worker invoked oom-killer: gfp_mask=0xcc0(GFP_KERNEL), order=0, oom_score_adj=0
[44195.048556]  oom_kill_process+0x118/0x280
[44195.048706] Memory cgroup stats for /oom_experiment_adj:
[44195.048779] [  pid  ]   uid  tgid total_vm      rss rss_anon rss_file rss_shmem pgtables_bytes swapents oom_score_adj name
[44195.048792] oom-kill:constraint=CONSTRAINT_MEMCG,nodemask=(null),cpuset=/,mems_allowed=0,oom_memcg=/oom_experiment_adj,task_memcg=/oom_experiment_adj,task=mem_worker,pid=93770,uid=0
[44195.048802] Memory cgroup out of memory: Killed process 93770 (mem_worker) total-vm:105080kB, anon-rss:94592kB, file-rss:1536kB, shmem-rss:0kB, UID:0 pgtables:236kB oom_score_adj:0

