=== Trial 5 ===
Timestamp: 2026-03-19T15:22:47-06:00
Workers:
  small:  20MB (PID 94085,  oom_score_adj=+1000 TARGETED)
  medium: 50MB (PID 94086, oom_score_adj=0     default)
  large:  80MB (PID 94087,  oom_score_adj=-1000 PROTECTED)
Trigger: 100MB (PID 94099)
Killed: small(94085) trigger(94099) 
Expected: small (because oom_score_adj=+1000)

Kernel OOM log:
[44235.516191] mem_worker invoked oom-killer: gfp_mask=0xcc0(GFP_KERNEL), order=0, oom_score_adj=0
[44235.516236]  oom_kill_process+0x118/0x280
[44235.516392] Memory cgroup stats for /oom_experiment_adj:
[44235.516496] [  pid  ]   uid  tgid total_vm      rss rss_anon rss_file rss_shmem pgtables_bytes swapents oom_score_adj name
[44235.516515] oom-kill:constraint=CONSTRAINT_MEMCG,nodemask=(null),cpuset=/,mems_allowed=0,oom_memcg=/oom_experiment_adj,task_memcg=/oom_experiment_adj,task=mem_worker,pid=94085,uid=0
[44235.516530] Memory cgroup out of memory: Killed process 94085 (mem_worker) total-vm:23160kB, anon-rss:20480kB, file-rss:1536kB, shmem-rss:0kB, UID:0 pgtables:88kB oom_score_adj:1000
[44235.518381] mem_worker invoked oom-killer: gfp_mask=0xcc0(GFP_KERNEL), order=0, oom_score_adj=0
[44235.518405]  oom_kill_process+0x118/0x280
[44235.518528] Memory cgroup stats for /oom_experiment_adj:
[44235.518604] [  pid  ]   uid  tgid total_vm      rss rss_anon rss_file rss_shmem pgtables_bytes swapents oom_score_adj name
[44235.518628] oom-kill:constraint=CONSTRAINT_MEMCG,nodemask=(null),cpuset=/,mems_allowed=0,oom_memcg=/oom_experiment_adj,task_memcg=/oom_experiment_adj,task=mem_worker,pid=94099,uid=0
[44235.518640] Memory cgroup out of memory: Killed process 94099 (mem_worker) total-vm:105080kB, anon-rss:100480kB, file-rss:1536kB, shmem-rss:0kB, UID:0 pgtables:244kB oom_score_adj:0

