=== Scenario B — Trial 1 ===
Timestamp: 2026-03-19T15:24:25-06:00
Setup:
  tiny_B:    10MB, oom_score_adj=+1000  (TARGETED)
  medium_B:  50MB, oom_score_adj=0      (default)
  huge_B:   100MB, oom_score_adj=-1000  (PROTECTED)
  trigger_B: 100MB (OOM trigger)
Question: Does -1000 protect a 100MB process from being killed?
Expected: tiny_B killed (not huge_B, despite huge_B using 10x more memory)
Killed:   tiny_B (PID 94847): KILLED
  medium_B (PID 94848): ALIVE
  huge_B (PID 94849): ALIVE
  trigger_B (PID 94870): KILLED
tiny_B trigger_B 

Kernel OOM log:
[44333.884048] mem_worker invoked oom-killer: gfp_mask=0xcc0(GFP_KERNEL), order=0, oom_score_adj=0
[44333.884096]  oom_kill_process+0x118/0x280
[44333.884290] Memory cgroup stats for /oom_experiment_floor:
[44333.884380] [  pid  ]   uid  tgid total_vm      rss rss_anon rss_file rss_shmem pgtables_bytes swapents oom_score_adj name
[44333.884398] oom-kill:constraint=CONSTRAINT_MEMCG,nodemask=(null),cpuset=/,mems_allowed=0,oom_memcg=/oom_experiment_floor,task_memcg=/oom_experiment_floor,task=mem_worker,pid=94847,uid=0
[44333.884414] Memory cgroup out of memory: Killed process 94847 (mem_worker) total-vm:12920kB, anon-rss:10240kB, file-rss:1536kB, shmem-rss:0kB, UID:0 pgtables:64kB oom_score_adj:1000
[44333.886017] mem_worker invoked oom-killer: gfp_mask=0xcc0(GFP_KERNEL), order=0, oom_score_adj=0
[44333.886059]  oom_kill_process+0x118/0x280
[44333.886246] Memory cgroup stats for /oom_experiment_floor:
[44333.886321] [  pid  ]   uid  tgid total_vm      rss rss_anon rss_file rss_shmem pgtables_bytes swapents oom_score_adj name
[44333.886335] oom-kill:constraint=CONSTRAINT_MEMCG,nodemask=(null),cpuset=/,mems_allowed=0,oom_memcg=/oom_experiment_floor,task_memcg=/oom_experiment_floor,task=mem_worker,pid=94870,uid=0
[44333.886347] Memory cgroup out of memory: Killed process 94870 (mem_worker) total-vm:105080kB, anon-rss:69760kB, file-rss:1536kB, shmem-rss:0kB, UID:0 pgtables:184kB oom_score_adj:0

