=== Scenario B — Trial 3 ===
Timestamp: 2026-03-19T15:24:45-06:00
Setup:
  tiny_B:    10MB, oom_score_adj=+1000  (TARGETED)
  medium_B:  50MB, oom_score_adj=0      (default)
  huge_B:   100MB, oom_score_adj=-1000  (PROTECTED)
  trigger_B: 100MB (OOM trigger)
Question: Does -1000 protect a 100MB process from being killed?
Expected: tiny_B killed (not huge_B, despite huge_B using 10x more memory)
Killed:   tiny_B (PID 95017): KILLED
  medium_B (PID 95018): ALIVE
  huge_B (PID 95019): ALIVE
  trigger_B (PID 95045): KILLED
tiny_B trigger_B 

Kernel OOM log:
[44354.137953] mem_worker invoked oom-killer: gfp_mask=0xcc0(GFP_KERNEL), order=0, oom_score_adj=0
[44354.138000]  oom_kill_process+0x118/0x280
[44354.138204] Memory cgroup stats for /oom_experiment_floor:
[44354.138337] [  pid  ]   uid  tgid total_vm      rss rss_anon rss_file rss_shmem pgtables_bytes swapents oom_score_adj name
[44354.138367] oom-kill:constraint=CONSTRAINT_MEMCG,nodemask=(null),cpuset=/,mems_allowed=0,oom_memcg=/oom_experiment_floor,task_memcg=/oom_experiment_floor,task=mem_worker,pid=95017,uid=0
[44354.138390] Memory cgroup out of memory: Killed process 95017 (mem_worker) total-vm:12920kB, anon-rss:10240kB, file-rss:1536kB, shmem-rss:0kB, UID:0 pgtables:68kB oom_score_adj:1000
[44354.140306] mem_worker invoked oom-killer: gfp_mask=0xcc0(GFP_KERNEL), order=0, oom_score_adj=0
[44354.140348]  oom_kill_process+0x118/0x280
[44354.140635] Memory cgroup stats for /oom_experiment_floor:
[44354.140779] [  pid  ]   uid  tgid total_vm      rss rss_anon rss_file rss_shmem pgtables_bytes swapents oom_score_adj name
[44354.140804] oom-kill:constraint=CONSTRAINT_MEMCG,nodemask=(null),cpuset=/,mems_allowed=0,oom_memcg=/oom_experiment_floor,task_memcg=/oom_experiment_floor,task=mem_worker,pid=95045,uid=0
[44354.140823] Memory cgroup out of memory: Killed process 95045 (mem_worker) total-vm:105080kB, anon-rss:90624kB, file-rss:1536kB, shmem-rss:0kB, UID:0 pgtables:224kB oom_score_adj:0

