=== Scenario B — Trial 1 ===
Timestamp: 2026-03-18T11:08:55+01:00
Setup:
  tiny_B:    10MB, oom_score_adj=+1000  (TARGETED)
  medium_B:  50MB, oom_score_adj=0      (default)
  huge_B:   100MB, oom_score_adj=-1000  (PROTECTED)
  trigger_B: 100MB (OOM trigger)
Question: Does -1000 protect a 100MB process from being killed?
Expected: tiny_B killed (not huge_B, despite huge_B using 10x more memory)
Killed:   tiny_B (PID 22680): KILLED
  medium_B (PID 22681): ALIVE
  huge_B (PID 22682): ALIVE
  trigger_B (PID 22715): KILLED
tiny_B trigger_B 

Kernel OOM log:
[ 3106.572532] mem_worker invoked oom-killer: gfp_mask=0xcc0(GFP_KERNEL), order=0, oom_score_adj=0
[ 3106.572623]  oom_kill_process+0x100/0x1a0
[ 3106.572812] Memory cgroup stats for /oom_experiment_floor:
[ 3106.572891] [  pid  ]   uid  tgid total_vm      rss pgtables_bytes swapents oom_score_adj name
[ 3106.572908] oom-kill:constraint=CONSTRAINT_MEMCG,nodemask=(null),cpuset=/,mems_allowed=0,oom_memcg=/oom_experiment_floor,task_memcg=/oom_experiment_floor,task=mem_worker,pid=23003,uid=0
[ 3106.572931] Memory cgroup out of memory: Killed process 23003 (mem_worker) total-vm:12920kB, anon-rss:10240kB, file-rss:1408kB, shmem-rss:0kB, UID:0 pgtables:68kB oom_score_adj:1000
[ 3106.579538] mem_worker invoked oom-killer: gfp_mask=0xcc0(GFP_KERNEL), order=0, oom_score_adj=0
[ 3106.579565]  oom_kill_process+0x100/0x1a0
[ 3106.579904] Memory cgroup stats for /oom_experiment_floor:
[ 3106.579986] [  pid  ]   uid  tgid total_vm      rss pgtables_bytes swapents oom_score_adj name
[ 3106.579999] oom-kill:constraint=CONSTRAINT_MEMCG,nodemask=(null),cpuset=/,mems_allowed=0,oom_memcg=/oom_experiment_floor,task_memcg=/oom_experiment_floor,task=mem_worker,pid=23038,uid=0
[ 3106.580045] Memory cgroup out of memory: Killed process 23038 (mem_worker) total-vm:105080kB, anon-rss:74624kB, file-rss:1408kB, shmem-rss:0kB, UID:0 pgtables:196kB oom_score_adj:0

