=== Scenario B — Trial 3 ===
Timestamp: 2026-03-18T11:09:15+01:00
Setup:
  tiny_B:    10MB, oom_score_adj=+1000  (TARGETED)
  medium_B:  50MB, oom_score_adj=0      (default)
  huge_B:   100MB, oom_score_adj=-1000  (PROTECTED)
  trigger_B: 100MB (OOM trigger)
Question: Does -1000 protect a 100MB process from being killed?
Expected: tiny_B killed (not huge_B, despite huge_B using 10x more memory)
Killed:   tiny_B (PID 22986): KILLED
  medium_B (PID 22990): ALIVE
  huge_B (PID 22991): ALIVE
  trigger_B (PID 23042): KILLED
tiny_B trigger_B 

Kernel OOM log:
[ 3126.487259] mem_worker invoked oom-killer: gfp_mask=0xcc0(GFP_KERNEL), order=0, oom_score_adj=0
[ 3126.487349]  oom_kill_process+0x100/0x1a0
[ 3126.487591] Memory cgroup stats for /oom_experiment_floor:
[ 3126.487671] [  pid  ]   uid  tgid total_vm      rss pgtables_bytes swapents oom_score_adj name
[ 3126.487687] oom-kill:constraint=CONSTRAINT_MEMCG,nodemask=(null),cpuset=/,mems_allowed=0,oom_memcg=/oom_experiment_floor,task_memcg=/oom_experiment_floor,task=mem_worker,pid=23309,uid=0
[ 3126.487723] Memory cgroup out of memory: Killed process 23309 (mem_worker) total-vm:12920kB, anon-rss:10240kB, file-rss:1408kB, shmem-rss:0kB, UID:0 pgtables:68kB oom_score_adj:1000
[ 3126.493241] mem_worker invoked oom-killer: gfp_mask=0xcc0(GFP_KERNEL), order=0, oom_score_adj=0
[ 3126.493266]  oom_kill_process+0x100/0x1a0
[ 3126.493451] Memory cgroup stats for /oom_experiment_floor:
[ 3126.493551] [  pid  ]   uid  tgid total_vm      rss pgtables_bytes swapents oom_score_adj name
[ 3126.493595] oom-kill:constraint=CONSTRAINT_MEMCG,nodemask=(null),cpuset=/,mems_allowed=0,oom_memcg=/oom_experiment_floor,task_memcg=/oom_experiment_floor,task=mem_worker,pid=23365,uid=0
[ 3126.493608] Memory cgroup out of memory: Killed process 23365 (mem_worker) total-vm:105080kB, anon-rss:63232kB, file-rss:1408kB, shmem-rss:0kB, UID:0 pgtables:168kB oom_score_adj:0

