=== Trial 3 ===
Timestamp: 2026-03-18T10:33:49+01:00
Workers:
  small:  20MB (PID 12255,  oom_score_adj=+1000 TARGETED)
  medium: 50MB (PID 12256, oom_score_adj=0     default)
  large:  80MB (PID 12257,  oom_score_adj=-1000 PROTECTED)
Trigger: 100MB (PID 12291)
Killed: small(12255) trigger(12291) 
Expected: small (because oom_score_adj=+1000)

Kernel OOM log:
[ 1000.343684] mem_worker invoked oom-killer: gfp_mask=0xcc0(GFP_KERNEL), order=0, oom_score_adj=0
[ 1000.343711]  oom_kill_process+0x100/0x1a0
[ 1000.343845] Memory cgroup stats for /oom_experiment_adj:
[ 1000.343964] [  pid  ]   uid  tgid total_vm      rss pgtables_bytes swapents oom_score_adj name
[ 1000.343999] oom-kill:constraint=CONSTRAINT_MEMCG,nodemask=(null),cpuset=/,mems_allowed=0,oom_memcg=/oom_experiment_adj,task_memcg=/oom_experiment_adj,task=mem_worker,pid=12559,uid=0
[ 1000.344015] Memory cgroup out of memory: Killed process 12559 (mem_worker) total-vm:23160kB, anon-rss:20480kB, file-rss:1408kB, shmem-rss:0kB, UID:0 pgtables:88kB oom_score_adj:1000
[ 1000.349384] mem_worker invoked oom-killer: gfp_mask=0xcc0(GFP_KERNEL), order=0, oom_score_adj=0
[ 1000.349407]  oom_kill_process+0x100/0x1a0
[ 1000.349559] Memory cgroup stats for /oom_experiment_adj:
[ 1000.349662] [  pid  ]   uid  tgid total_vm      rss pgtables_bytes swapents oom_score_adj name
[ 1000.349671] oom-kill:constraint=CONSTRAINT_MEMCG,nodemask=(null),cpuset=/,mems_allowed=0,oom_memcg=/oom_experiment_adj,task_memcg=/oom_experiment_adj,task=mem_worker,pid=12595,uid=0
[ 1000.349681] Memory cgroup out of memory: Killed process 12595 (mem_worker) total-vm:105080kB, anon-rss:97280kB, file-rss:1408kB, shmem-rss:0kB, UID:0 pgtables:236kB oom_score_adj:0

