=== Trial 5 ===
Timestamp: 2026-03-18T10:34:08+01:00
Workers:
  small:  20MB (PID 12491,  oom_score_adj=+1000 TARGETED)
  medium: 50MB (PID 12492, oom_score_adj=0     default)
  large:  80MB (PID 12493,  oom_score_adj=-1000 PROTECTED)
Trigger: 100MB (PID 12527)
Killed: small(12491) trigger(12527) 
Expected: small (because oom_score_adj=+1000)

Kernel OOM log:
[ 1020.168067] mem_worker invoked oom-killer: gfp_mask=0xcc0(GFP_KERNEL), order=0, oom_score_adj=0
[ 1020.168099]  oom_kill_process+0x100/0x1a0
[ 1020.168242] Memory cgroup stats for /oom_experiment_adj:
[ 1020.168345] [  pid  ]   uid  tgid total_vm      rss pgtables_bytes swapents oom_score_adj name
[ 1020.168358] oom-kill:constraint=CONSTRAINT_MEMCG,nodemask=(null),cpuset=/,mems_allowed=0,oom_memcg=/oom_experiment_adj,task_memcg=/oom_experiment_adj,task=mem_worker,pid=12795,uid=0
[ 1020.168379] Memory cgroup out of memory: Killed process 12795 (mem_worker) total-vm:23160kB, anon-rss:20480kB, file-rss:1408kB, shmem-rss:0kB, UID:0 pgtables:88kB oom_score_adj:1000
[ 1020.176714] mem_worker invoked oom-killer: gfp_mask=0xcc0(GFP_KERNEL), order=0, oom_score_adj=0
[ 1020.176743]  oom_kill_process+0x100/0x1a0
[ 1020.176973] Memory cgroup stats for /oom_experiment_adj:
[ 1020.177115] [  pid  ]   uid  tgid total_vm      rss pgtables_bytes swapents oom_score_adj name
[ 1020.177128] oom-kill:constraint=CONSTRAINT_MEMCG,nodemask=(null),cpuset=/,mems_allowed=0,oom_memcg=/oom_experiment_adj,task_memcg=/oom_experiment_adj,task=mem_worker,pid=12831,uid=0
[ 1020.177142] Memory cgroup out of memory: Killed process 12831 (mem_worker) total-vm:105080kB, anon-rss:81920kB, file-rss:1408kB, shmem-rss:0kB, UID:0 pgtables:204kB oom_score_adj:0

