=== Scenario A — Trial 1 ===
Timestamp: 2026-03-18T11:08:25+01:00
Setup:
  small_A:  20MB, oom_score_adj=+1000  (CEILING)
  medium_A: 50MB, oom_score_adj=0      (default)
  large_A:  80MB, oom_score_adj=+1000  (CEILING)
  trigger_A: 120MB (OOM trigger)
Question: When two processes both hit +1000, which dies?
Expected: large_A (tiebreak goes to higher memory usage)
Killed:   small_A (PID 22289): ALIVE
  medium_A (PID 22290): ALIVE
  large_A (PID 22291): KILLED
  trigger_A (PID 22351): ALIVE
large_A 

Kernel OOM log:
[ 3076.766259] mem_worker invoked oom-killer: gfp_mask=0xcc0(GFP_KERNEL), order=0, oom_score_adj=0
[ 3076.766820]  oom_kill_process+0x100/0x1a0
[ 3076.768325] Memory cgroup stats for /oom_experiment_floor:
[ 3076.768461] [  pid  ]   uid  tgid total_vm      rss pgtables_bytes swapents oom_score_adj name
[ 3076.768623] oom-kill:constraint=CONSTRAINT_MEMCG,nodemask=(null),cpuset=/,mems_allowed=0,oom_memcg=/oom_experiment_floor,task_memcg=/oom_experiment_floor,task=mem_worker,pid=22614,uid=0
[ 3076.770091] Memory cgroup out of memory: Killed process 22614 (mem_worker) total-vm:84600kB, anon-rss:81920kB, file-rss:1408kB, shmem-rss:0kB, UID:0 pgtables:204kB oom_score_adj:1000

