=== Trial 2 ===
Timestamp: 2026-03-18T10:33:39+01:00
Workers:
  small:  20MB (PID 12134,  oom_score_adj=+1000 TARGETED)
  medium: 50MB (PID 12135, oom_score_adj=0     default)
  large:  80MB (PID 12136,  oom_score_adj=-1000 PROTECTED)
Trigger: 100MB (PID 12170)
Killed: small(12134) trigger(12170) 
Expected: small (because oom_score_adj=+1000)

Kernel OOM log:
[  990.401065] mem_worker invoked oom-killer: gfp_mask=0xcc0(GFP_KERNEL), order=0, oom_score_adj=0
[  990.401095]  oom_kill_process+0x100/0x1a0
[  990.401228] Memory cgroup stats for /oom_experiment_adj:
[  990.401289] [  pid  ]   uid  tgid total_vm      rss pgtables_bytes swapents oom_score_adj name
[  990.401300] oom-kill:constraint=CONSTRAINT_MEMCG,nodemask=(null),cpuset=/,mems_allowed=0,oom_memcg=/oom_experiment_adj,task_memcg=/oom_experiment_adj,task=mem_worker,pid=12438,uid=0
[  990.401346] Memory cgroup out of memory: Killed process 12438 (mem_worker) total-vm:23160kB, anon-rss:20480kB, file-rss:1408kB, shmem-rss:0kB, UID:0 pgtables:84kB oom_score_adj:1000
[  990.405159] mem_worker invoked oom-killer: gfp_mask=0xcc0(GFP_KERNEL), order=0, oom_score_adj=0
[  990.405184]  oom_kill_process+0x100/0x1a0
[  990.405372] Memory cgroup stats for /oom_experiment_adj:
[  990.405464] [  pid  ]   uid  tgid total_vm      rss pgtables_bytes swapents oom_score_adj name
[  990.405473] oom-kill:constraint=CONSTRAINT_MEMCG,nodemask=(null),cpuset=/,mems_allowed=0,oom_memcg=/oom_experiment_adj,task_memcg=/oom_experiment_adj,task=mem_worker,pid=12474,uid=0
[  990.405484] Memory cgroup out of memory: Killed process 12474 (mem_worker) total-vm:105080kB, anon-rss:86144kB, file-rss:1408kB, shmem-rss:0kB, UID:0 pgtables:220kB oom_score_adj:0

